<?xml version="1.0" encoding="UTF-8"?>
<!-- Generated by org.testng.reporters.JUnitXMLReporter -->
<testsuite hostname="EPINHYDW00B1" ignored="0" name="Default test" tests="5" failures="0" timestamp="2020-03-12T19:08:53 IST" time="17.105" errors="0">
  <testcase name="verifyNoOfPersonsField" time="0.066" classname="UserStorytestCases.SearchingForDifferentBookingOptions"/>
  <testcase name="verifyNoOfPersonsFieldDropDown" time="0.145" classname="UserStorytestCases.SearchingForDifferentBookingOptions"/>
  <testcase name="VerifyMaximumValueForRoomsAndOccupancies" time="0.067" classname="UserStorytestCases.SearchingForDifferentBookingOptions"/>
  <testcase name="VerifyMinimumValueForRoomsAndOccupancies" time="0.047" classname="UserStorytestCases.SearchingForDifferentBookingOptions"/>
  <testcase name="VerifydefaultsInPersonsFieldDropDown" time="0.046" classname="UserStorytestCases.SearchingForDifferentBookingOptions"/>
</testsuite> <!-- Default test -->
